  compilation object save succeeded; see C:\Users\zhong\Desktop\AL3new\0702_AL\Generated\Outputs\Release\TerrainPS.cso
  compilation object save succeeded; see C:\Users\zhong\Desktop\AL3new\0702_AL\Generated\Outputs\Release\TerrainVS.cso
  compilation object save succeeded; see C:\Users\zhong\Desktop\AL3new\0702_AL\Generated\Outputs\Release\ObjPS.cso
  compilation object save succeeded; see C:\Users\zhong\Desktop\AL3new\0702_AL\Generated\Outputs\Release\ObjVS.cso
  compilation object save succeeded; see C:\Users\zhong\Desktop\AL3new\0702_AL\Generated\Outputs\Release\PrimitivePS.cso
  compilation object save succeeded; see C:\Users\zhong\Desktop\AL3new\0702_AL\Generated\Outputs\Release\PrimitiveVS.cso
  compilation object save succeeded; see C:\Users\zhong\Desktop\AL3new\0702_AL\Generated\Outputs\Release\ShapePS.cso
  compilation object save succeeded; see C:\Users\zhong\Desktop\AL3new\0702_AL\Generated\Outputs\Release\ShapeVS.cso
  compilation object save succeeded; see C:\Users\zhong\Desktop\AL3new\0702_AL\Generated\Outputs\Release\SpritePS.cso
  compilation object save succeeded; see C:\Users\zhong\Desktop\AL3new\0702_AL\Generated\Outputs\Release\SpriteVS.cso
  ImGuiManager.cpp
  DirectXCommon.cpp
  WinApp.cpp
  CameraController.cpp
  main.cpp
  MapChipField.cpp
  myMath.cpp
  Player.cpp
  GameScene.cpp
  Skydome.cpp
  WorldTransformEX.cpp
  コード生成しています。
  951 of 1948 functions (48.8%) were compiled, the rest were copied from previous compilation.
    765 functions were new in current compilation
    92 functions had inline decision re-evaluated but remain unchanged
  コード生成が終了しました。
ImGuiManager.obj : warning LNK4020: '' の型レコードは破損しています。一部のシンボルおよび型は、デバッガーからはアクセスできない可能性があります。
main.obj : warning LNK4020: '' の型レコードは破損しています。一部のシンボルおよび型は、デバッガーからはアクセスできない可能性があります。
main.obj : warning LNK4020: '' の型レコードは破損しています。一部のシンボルおよび型は、デバッガーからはアクセスできない可能性があります。
main.obj : warning LNK4020: '' の型レコードは破損しています。一部のシンボルおよび型は、デバッガーからはアクセスできない可能性があります。
myMath.obj : warning LNK4020: '' の型レコードは破損しています。一部のシンボルおよび型は、デバッガーからはアクセスできない可能性があります。
Player.obj : warning LNK4020: '' の型レコードは破損しています。一部のシンボルおよび型は、デバッガーからはアクセスできない可能性があります。
WorldTransformEX.obj : warning LNK4020: '' の型レコードは破損しています。一部のシンボルおよび型は、デバッガーからはアクセスできない可能性があります。
WorldTransformEX.obj : warning LNK4020: '' の型レコードは破損しています。一部のシンボルおよび型は、デバッガーからはアクセスできない可能性があります。
LINK : warning LNK4020: '' の型レコードは破損しています。一部のシンボルおよび型は、デバッガーからはアクセスできない可能性があります。
KamataEngineLib.lib(Material.obj) : warning LNK4020: '' の型レコードは破損しています。一部のシンボルおよび型は、デバッガーからはアクセスできない可能性があります。
KamataEngineLib.lib(Material.obj) : warning LNK4020: '' の型レコードは破損しています。一部のシンボルおよび型は、デバッガーからはアクセスできない可能性があります。
  DirectXGame.vcxproj -> C:\Users\zhong\Desktop\AL3new\0702_AL\Generated\Outputs\Release\DirectXGame.exe
